<?xml version="1.0" encoding="UTF-8"?><testrun name="RestControllerTest" project="hotel-service" tests="10" started="10" failures="1" errors="0" ignored="1">
  <testsuite name="com.tripeasy.hotel.hotelservice.restcontroller.RestControllerTest" time="0.813">
    <testcase name="testOfGetHotelsByHotelIdDosentExist" classname="com.tripeasy.hotel.hotelservice.restcontroller.RestControllerTest" time="0.5"/>
    <testcase name="testOfAddNewHotelWithRightdata" classname="com.tripeasy.hotel.hotelservice.restcontroller.RestControllerTest" time="0.129"/>
    <testcase name="testOfGetHotelsByCityNameDoesntExist" classname="com.tripeasy.hotel.hotelservice.restcontroller.RestControllerTest" time="0.037"/>
    <testcase name="testOfUpdateHotelWithRightdata" classname="com.tripeasy.hotel.hotelservice.restcontroller.RestControllerTest" time="0.043">
      <failure>java.lang.AssertionError: expected:&lt;null&gt; but was:&lt;Taj&gt;&#13;
	at org.junit.Assert.fail(Assert.java:88)&#13;
	at org.junit.Assert.failNotEquals(Assert.java:834)&#13;
	at org.junit.Assert.assertEquals(Assert.java:118)&#13;
	at org.junit.Assert.assertEquals(Assert.java:144)&#13;
	at com.tripeasy.hotel.hotelservice.restcontroller.RestControllerTest.testOfUpdateHotelWithRightdata(RestControllerTest.java:164)&#13;
	at sun.reflect.NativeMethodAccessorImpl.invoke0(Native Method)&#13;
	at sun.reflect.NativeMethodAccessorImpl.invoke(Unknown Source)&#13;
	at sun.reflect.DelegatingMethodAccessorImpl.invoke(Unknown Source)&#13;
	at java.lang.reflect.Method.invoke(Unknown Source)&#13;
	at org.junit.runners.model.FrameworkMethod$1.runReflectiveCall(FrameworkMethod.java:50)&#13;
	at org.junit.internal.runners.model.ReflectiveCallable.run(ReflectiveCallable.java:12)&#13;
	at org.junit.runners.model.FrameworkMethod.invokeExplosively(FrameworkMethod.java:47)&#13;
	at org.junit.internal.runners.statements.InvokeMethod.evaluate(InvokeMethod.java:17)&#13;
	at org.springframework.test.context.junit4.statements.RunBeforeTestExecutionCallbacks.evaluate(RunBeforeTestExecutionCallbacks.java:74)&#13;
	at org.springframework.test.context.junit4.statements.RunAfterTestExecutionCallbacks.evaluate(RunAfterTestExecutionCallbacks.java:84)&#13;
	at org.springframework.test.context.junit4.statements.RunBeforeTestMethodCallbacks.evaluate(RunBeforeTestMethodCallbacks.java:75)&#13;
	at org.springframework.test.context.junit4.statements.RunAfterTestMethodCallbacks.evaluate(RunAfterTestMethodCallbacks.java:86)&#13;
	at org.springframework.test.context.junit4.statements.SpringRepeat.evaluate(SpringRepeat.java:84)&#13;
	at org.junit.runners.ParentRunner.runLeaf(ParentRunner.java:325)&#13;
	at org.springframework.test.context.junit4.SpringJUnit4ClassRunner.runChild(SpringJUnit4ClassRunner.java:251)&#13;
	at org.springframework.test.context.junit4.SpringJUnit4ClassRunner.runChild(SpringJUnit4ClassRunner.java:97)&#13;
	at org.junit.runners.ParentRunner$3.run(ParentRunner.java:290)&#13;
	at org.junit.runners.ParentRunner$1.schedule(ParentRunner.java:71)&#13;
	at org.junit.runners.ParentRunner.runChildren(ParentRunner.java:288)&#13;
	at org.junit.runners.ParentRunner.access$000(ParentRunner.java:58)&#13;
	at org.junit.runners.ParentRunner$2.evaluate(ParentRunner.java:268)&#13;
	at org.springframework.test.context.junit4.statements.RunBeforeTestClassCallbacks.evaluate(RunBeforeTestClassCallbacks.java:61)&#13;
	at org.springframework.test.context.junit4.statements.RunAfterTestClassCallbacks.evaluate(RunAfterTestClassCallbacks.java:70)&#13;
	at org.junit.runners.ParentRunner.run(ParentRunner.java:363)&#13;
	at org.springframework.test.context.junit4.SpringJUnit4ClassRunner.run(SpringJUnit4ClassRunner.java:190)&#13;
	at org.eclipse.jdt.internal.junit4.runner.JUnit4TestReference.run(JUnit4TestReference.java:89)&#13;
	at org.eclipse.jdt.internal.junit.runner.TestExecution.run(TestExecution.java:41)&#13;
	at org.eclipse.jdt.internal.junit.runner.RemoteTestRunner.runTests(RemoteTestRunner.java:541)&#13;
	at org.eclipse.jdt.internal.junit.runner.RemoteTestRunner.runTests(RemoteTestRunner.java:763)&#13;
	at org.eclipse.jdt.internal.junit.runner.RemoteTestRunner.run(RemoteTestRunner.java:463)&#13;
	at org.eclipse.jdt.internal.junit.runner.RemoteTestRunner.main(RemoteTestRunner.java:209)&#13;
&#13;
</failure>
    </testcase>
    <testcase name="testOfAddNewHotelWithWrongData" classname="com.tripeasy.hotel.hotelservice.restcontroller.RestControllerTest" time="0.021"/>
    <testcase name="testOfdeleteHotelByIdExistInDb" classname="com.tripeasy.hotel.hotelservice.restcontroller.RestControllerTest" time="0.001" ignored="true"/>
    <testcase name="testOfGetHotelsByHotelIdExist" classname="com.tripeasy.hotel.hotelservice.restcontroller.RestControllerTest" time="0.026"/>
    <testcase name="testOfBadRequest" classname="com.tripeasy.hotel.hotelservice.restcontroller.RestControllerTest" time="0.011"/>
    <testcase name="testOfWrongURL" classname="com.tripeasy.hotel.hotelservice.restcontroller.RestControllerTest" time="0.033"/>
    <testcase name="testOfRightURLGetHotelsByCityNameExistsInDatabse" classname="com.tripeasy.hotel.hotelservice.restcontroller.RestControllerTest" time="0.011"/>
  </testsuite>
</testrun>
